<?xml version="1.0" encoding="UTF-8"?>
<!-- Generated by org.testng.reporters.JUnitXMLReporter -->
<testsuite ignored="0" hostname="LAPTOP-LG2N16NC" failures="0" tests="4" name="Test" time="0.597" errors="0" timestamp="2021-08-20T08:52:14 IST">
  <testcase classname="testNg.CreateNewOpportunityWithoutMandatoryFields" name="CreateNewOpportunityWithoutMandatoryFieldsTest" time="0.0">
    <skipped/>
  </testcase> <!-- CreateNewOpportunityWithoutMandatoryFieldsTest -->
  <testcase classname="testNg.CreateNewOpportunity" name="CreateNewOpportunityTest" time="0.0">
    <skipped/>
  </testcase> <!-- CreateNewOpportunityTest -->
  <testcase classname="testNg.EditOpportunity" name="EditOpportunityTest" time="0.0">
    <skipped/>
  </testcase> <!-- EditOpportunityTest -->
  <testcase classname="testNg.DeleteOpportunity" name="DeleteOpportunityTest" time="0.0">
    <skipped/>
  </testcase> <!-- DeleteOpportunityTest -->
</testsuite> <!-- Test -->
