<?xml version="1.0" encoding="UTF-8"?>
<!-- Generated by org.testng.reporters.JUnitXMLReporter -->
<testsuite ignored="0" hostname="LAPTOP-LG2N16NC" failures="0" tests="8" name="Test" time="151.535" errors="0" timestamp="2021-08-15T20:33:31 IST">
  <testcase classname="testNg.NonProfitCertifications" name="NonProfitCertificationsTest" time="22.194"/>
  <testcase classname="testNg.CreateNewOpportunity" name="CreateNewOpportunityTest" time="24.909">
    <skipped/>
  </testcase> <!-- CreateNewOpportunityTest -->
  <testcase classname="testNg.OpportunitiesSortByAscending" name="OpportunitiesSortByAscendingTest" time="37.139"/>
  <testcase classname="testNg.CreateNewOpportunity" name="CreateNewOpportunityTest" time="13.91"/>
  <testcase classname="testNg.EditOpportunity" name="EditOpportunityTest" time="16.139"/>
  <testcase classname="testNg.DeleteOpportunity" name="DeleteOpportunityTest" time="5.997">
    <skipped/>
  </testcase> <!-- DeleteOpportunityTest -->
  <testcase classname="testNg.DeleteOpportunity" name="DeleteOpportunityTest" time="25.2">
    <skipped/>
  </testcase> <!-- DeleteOpportunityTest -->
  <testcase classname="testNg.DeleteOpportunity" name="DeleteOpportunityTest" time="16.163"/>
</testsuite> <!-- Test -->
